<?xml version="1.0" encoding="UTF-8" ?>
<testsuite tests="4" failures="0" name="test.sonarqube.duplication.complete.DuplicationClass1Test" time="0" errors="0" skipped="0">
  <properties>
[...]
</properties>
  <testcase classname="test.sonarqube.duplication.complete.DuplicationClass1Test" name="shouldMethod2ReturnNull" time="0"/>
  <testcase classname="test.sonarqube.duplication.complete.DuplicationClass1Test" name="shouldMethod1ReturnIndexOfCandidate" time="0"/>
  <testcase classname="test.sonarqube.duplication.complete.DuplicationClass1Test" name="shouldMethod2ReturnIndexOfCandidate" time="0"/>
  <testcase classname="test.sonarqube.duplication.complete.DuplicationClass1Test" name="shouldMethod1ReturnNull" time="0"/>
</testsuite>